<?xml version="1.0" encoding="UTF-8"?>
<!-- Generated by org.testng.reporters.JUnitReportReporter -->
<testsuite skipped="0" hostname="VicdeMac.local" name="test.LoginTest" tests="1" failures="0" timestamp="12 Aug 2020 10:09:38 GMT" time="4.603" errors="0">
  <testcase name="testLogin" time="4.603" classname="test.LoginTest"/>
</testsuite> <!-- test.LoginTest -->
