<?xml version="1.0" encoding="UTF-8"?>
<!-- Generated by org.testng.reporters.JUnitReportReporter -->
<testsuite skipped="0" hostname="VicdeMac.local" name="test.LoginFailTest" tests="1" failures="0" timestamp="13 Aug 2020 02:19:03 GMT" time="3.887" errors="0">
  <testcase name="testLoginFail" time="3.887" classname="test.LoginFailTest"/>
</testsuite> <!-- test.LoginFailTest -->
