<?xml version="1.0" encoding="UTF-8"?>
<!-- Generated by org.testng.reporters.JUnitReportReporter -->
<testsuite skipped="0" hostname="VicdeMac.local" name="test.LoginFailTest" tests="1" failures="0" timestamp="07 Aug 2020 08:57:43 GMT" time="4.246" errors="0">
  <testcase name="testLoginFail" time="4.246" classname="test.LoginFailTest"/>
</testsuite> <!-- test.LoginFailTest -->
